<?xml version="1.0" encoding="UTF-8"?>
<!-- Generated by org.testng.reporters.JUnitXMLReporter -->
<testsuite ignored="0" hostname="Rishis-MacBook-Pro.local" failures="0" tests="4" name="Default test" time="45.952" errors="0" timestamp="2022-05-24T22:39:26 PDT">
  <testcase classname="ui.DataProviderDemoTest" name="test" time="12.669"/>
  <testcase classname="ui.DataProviderDemoTest" name="test" time="9.6"/>
  <testcase classname="ui.DataProviderDemoTest" name="test" time="9.38"/>
  <testcase classname="ui.DataProviderDemoTest" name="test" time="14.233"/>
</testsuite> <!-- Default test -->
