<?xml version="1.0" encoding="UTF-8"?>
<testng-results ignored="0" total="4" passed="4" failed="0" skipped="0">
  <reporter-output>
  </reporter-output>
  <suite started-at="2022-05-24T22:38:40 PDT" name="Default suite" finished-at="2022-05-24T22:39:26 PDT" duration-ms="45952">
    <groups>
    </groups>
    <test started-at="2022-05-24T22:38:40 PDT" name="Default test" finished-at="2022-05-24T22:39:26 PDT" duration-ms="45952">
      <class name="ui.DataProviderDemoTest">
        <test-method signature="test(java.lang.String,java.lang.String)[pri:0, instance:ui.DataProviderDemoTest@4efc180e]" started-at="2022-05-24T22:38:40 PDT" name="test" data-provider="login" finished-at="2022-05-24T22:38:52 PDT" duration-ms="12669" status="PASS">
          <params>
            <param index="0">
              <value>
                <![CDATA[standard_user]]>
              </value>
            </param>
            <param index="1">
              <value>
                <![CDATA[secret_sauce]]>
              </value>
            </param>
          </params>
          <reporter-output>
          </reporter-output>
        </test-method> <!-- test -->
        <test-method signature="test(java.lang.String,java.lang.String)[pri:0, instance:ui.DataProviderDemoTest@4efc180e]" started-at="2022-05-24T22:38:52 PDT" name="test" data-provider="login" finished-at="2022-05-24T22:39:02 PDT" duration-ms="9600" status="PASS">
          <params>
            <param index="0">
              <value>
                <![CDATA[locked_out_user]]>
              </value>
            </param>
            <param index="1">
              <value>
                <![CDATA[secret_sauce]]>
              </value>
            </param>
          </params>
          <reporter-output>
          </reporter-output>
        </test-method> <!-- test -->
        <test-method signature="test(java.lang.String,java.lang.String)[pri:0, instance:ui.DataProviderDemoTest@4efc180e]" started-at="2022-05-24T22:39:02 PDT" name="test" data-provider="login" finished-at="2022-05-24T22:39:11 PDT" duration-ms="9380" status="PASS">
          <params>
            <param index="0">
              <value>
                <![CDATA[problem_user]]>
              </value>
            </param>
            <param index="1">
              <value>
                <![CDATA[secret_sauce]]>
              </value>
            </param>
          </params>
          <reporter-output>
          </reporter-output>
        </test-method> <!-- test -->
        <test-method signature="test(java.lang.String,java.lang.String)[pri:0, instance:ui.DataProviderDemoTest@4efc180e]" started-at="2022-05-24T22:39:11 PDT" name="test" data-provider="login" finished-at="2022-05-24T22:39:26 PDT" duration-ms="14233" status="PASS">
          <params>
            <param index="0">
              <value>
                <![CDATA[performance_glitch_user]]>
              </value>
            </param>
            <param index="1">
              <value>
                <![CDATA[secret_sauce]]>
              </value>
            </param>
          </params>
          <reporter-output>
          </reporter-output>
        </test-method> <!-- test -->
      </class> <!-- ui.DataProviderDemoTest -->
    </test> <!-- Default test -->
  </suite> <!-- Default suite -->
</testng-results>
